<?xml version="1.0" encoding="UTF-8"?>
<testng-results ignored="0" total="2" passed="2" failed="0" skipped="0">
  <reporter-output>
  </reporter-output>
  <suite started-at="2022-12-28T16:45:56 IST" name="Suite" finished-at="2022-12-28T16:50:59 IST" duration-ms="303272">
    <groups>
    </groups>
    <test started-at="2022-12-28T16:45:56 IST" name="Test" finished-at="2022-12-28T16:50:59 IST" duration-ms="303272">
      <class name="com.examarly.RewardsModule.RewardsDbChanges">
        <test-method is-config="true" signature="getUserData()[pri:0, instance:com.examarly.RewardsModule.RewardsDbChanges@5386659f]" started-at="2022-12-28T16:45:56 IST" name="getUserData" finished-at="2022-12-28T16:45:57 IST" duration-ms="919" status="PASS">
          <reporter-output>
          </reporter-output>
        </test-method> <!-- getUserData -->
        <test-method signature="deletedata()[pri:0, instance:com.examarly.RewardsModule.RewardsDbChanges@5386659f]" started-at="2022-12-28T16:45:57 IST" name="deletedata" finished-at="2022-12-28T16:45:59 IST" duration-ms="1759" status="PASS">
          <reporter-output>
          </reporter-output>
        </test-method> <!-- deletedata -->
        <test-method is-config="true" signature="getUserData()[pri:0, instance:com.examarly.RewardsModule.RewardsDbChanges@5386659f]" started-at="2022-12-28T16:50:59 IST" name="getUserData" finished-at="2022-12-28T16:50:59 IST" duration-ms="91" status="PASS">
          <reporter-output>
          </reporter-output>
        </test-method> <!-- getUserData -->
      </class> <!-- com.examarly.RewardsModule.RewardsDbChanges -->
      <class name="com.examarlyRewardsModule.RewardsWeb">
        <test-method is-config="true" signature="setUp()[pri:0, instance:com.examarlyRewardsModule.RewardsWeb@6e9a5ed8]" started-at="2022-12-28T16:45:59 IST" name="setUp" finished-at="2022-12-28T16:46:04 IST" duration-ms="4912" status="PASS">
          <reporter-output>
          </reporter-output>
        </test-method> <!-- setUp -->
        <test-method signature="LoginPage()[pri:0, instance:com.examarlyRewardsModule.RewardsWeb@6e9a5ed8]" started-at="2022-12-28T16:46:04 IST" name="LoginPage" finished-at="2022-12-28T16:50:59 IST" duration-ms="295569" status="PASS">
          <reporter-output>
          </reporter-output>
        </test-method> <!-- LoginPage -->
      </class> <!-- com.examarlyRewardsModule.RewardsWeb -->
    </test> <!-- Test -->
  </suite> <!-- Suite -->
</testng-results>
